<?xml version="1.0" encoding="utf-8"?><testsuites name="pytest tests"><testsuite name="pytest" errors="0" failures="0" skipped="0" tests="8" time="3.301" timestamp="2026-07-11T17:05:18.265526+00:00" hostname="agent-env-a612b285-46fb-4b88-8ac4-a132f8cce1d3"><testcase classname="tests.backend_test" name="test_packages_returns_three" time="0.337" /><testcase classname="tests.backend_test" name="test_leads_create_success" time="0.053" /><testcase classname="tests.backend_test" name="test_leads_invalid_email_returns_400" time="0.045" /><testcase classname="tests.backend_test" name="test_leads_count_increments" time="0.141" /><testcase classname="tests.backend_test" name="test_checkout_session_created" time="0.585" /><testcase classname="tests.backend_test" name="test_checkout_invalid_package_returns_400" time="0.048" /><testcase classname="tests.backend_test" name="test_checkout_status_returns_unpaid" time="0.276" /><testcase classname="tests.backend_test" name="test_checkout_all_three_packages" time="1.299" /></testsuite></testsuites>