<?xml version="1.0" encoding="utf-8"?><testsuites name="pytest tests"><testsuite name="pytest" errors="0" failures="1" skipped="0" tests="17" time="6.164" timestamp="2026-07-11T17:33:50.100777+00:00" hostname="agent-env-a612b285-46fb-4b88-8ac4-a132f8cce1d3"><testcase classname="tests.test_auth_admin" name="test_login_success" time="0.477" /><testcase classname="tests.test_auth_admin" name="test_login_wrong_password" time="0.330" /><testcase classname="tests.test_auth_admin" name="test_login_unknown_email" time="0.129" /><testcase classname="tests.test_auth_admin" name="test_me_without_auth_returns_401" time="0.094" /><testcase classname="tests.test_auth_admin" name="test_me_with_auth" time="0.390" /><testcase classname="tests.test_auth_admin" name="test_logout_clears_cookies" time="0.417" /><testcase classname="tests.test_auth_admin" name="test_admin_dashboard_no_auth" time="0.107" /><testcase classname="tests.test_auth_admin" name="test_admin_dashboard_with_auth" time="0.379" /><testcase classname="tests.test_auth_admin" name="test_admin_leads" time="0.364" /><testcase classname="tests.test_auth_admin" name="test_admin_transactions" time="0.382" /><testcase classname="tests.test_auth_admin" name="test_admin_no_mongo_id_leaked" time="0.600" /><testcase classname="tests.test_auth_admin" name="test_brute_force_lockout_after_5_attempts" time="0.379"><failure message="AssertionError: Expected 429 (lockout) after 5 failed attempts&#10;assert False">backend/tests/test_auth_admin.py:125: in test_brute_force_lockout_after_5_attempts
    assert got_429, "Expected 429 (lockout) after 5 failed attempts"
E   AssertionError: Expected 429 (lockout) after 5 failed attempts
E   assert False</failure></testcase><testcase classname="tests.test_auth_admin" name="test_root_still_works" time="0.124" /><testcase classname="tests.test_auth_admin" name="test_packages_still_works" time="0.104" /><testcase classname="tests.test_auth_admin" name="test_leads_public_endpoint_still_works" time="0.322" /><testcase classname="tests.test_auth_admin" name="test_checkout_still_works" time="0.640" /><testcase classname="tests.test_auth_admin" name="test_admin_bcrypt_hash_format" time="0.348" /></testsuite></testsuites>