<?xml version="1.0" encoding="utf-8"?><testsuites name="pytest tests"><testsuite name="pytest" errors="0" failures="0" skipped="0" tests="8" time="9.579" timestamp="2026-07-11T17:47:50.904512+00:00" hostname="agent-env-a612b285-46fb-4b88-8ac4-a132f8cce1d3"><testcase classname="tests.test_drip_v15" name="test_creating_lead_schedules_5_emails" time="1.479" /><testcase classname="tests.test_drip_v15" name="test_admin_drip_endpoint_requires_auth" time="0.102" /><testcase classname="tests.test_drip_v15" name="test_admin_drip_returns_queue_and_summary" time="0.394" /><testcase classname="tests.test_drip_v15" name="test_fire_next_advances_step_and_marks_sent" time="2.343" /><testcase classname="tests.test_drip_v15" name="test_fire_next_returns_404_when_no_pending" time="0.365" /><testcase classname="tests.test_drip_v15" name="test_run_now_returns_sent_count" time="0.419" /><testcase classname="tests.test_drip_v15" name="test_drip_cancelled_when_lead_becomes_buyer" time="2.039" /><testcase classname="tests.test_drip_v15" name="test_drip_send_at_delays_match_schedule" time="1.281" /></testsuite></testsuites>