<?xml version="1.0" encoding="utf-8"?><testsuites name="pytest tests"><testsuite name="pytest" errors="0" failures="0" skipped="0" tests="33" time="13.226" timestamp="2026-07-11T17:48:05.521193+00:00" hostname="agent-env-a612b285-46fb-4b88-8ac4-a132f8cce1d3"><testcase classname="tests.backend_test" name="test_packages_returns_three" time="0.132" /><testcase classname="tests.test_auth_admin" name="test_login_success" time="0.412" /><testcase classname="tests.backend_test" name="test_leads_create_success" time="0.606" /><testcase classname="tests.test_auth_admin" name="test_login_wrong_password" time="0.325" /><testcase classname="tests.backend_test" name="test_leads_invalid_email_returns_400" time="0.048" /><testcase classname="tests.test_auth_admin" name="test_login_unknown_email" time="0.098" /><testcase classname="tests.backend_test" name="test_leads_count_increments" time="0.503" /><testcase classname="tests.test_auth_admin" name="test_me_without_auth_returns_401" time="0.129" /><testcase classname="tests.test_auth_admin" name="test_me_with_auth" time="0.876" /><testcase classname="tests.backend_test" name="test_checkout_session_created" time="0.593" /><testcase classname="tests.backend_test" name="test_checkout_invalid_package_returns_400" time="0.050" /><testcase classname="tests.backend_test" name="test_checkout_status_returns_unpaid" time="0.486" /><testcase classname="tests.backend_test" name="test_checkout_all_three_packages" time="1.384" /><testcase classname="tests.test_auth_admin" name="test_logout_clears_cookies" time="1.491" /><testcase classname="tests.test_auth_admin" name="test_admin_dashboard_no_auth" time="0.467" /><testcase classname="tests.test_drip_v15" name="test_creating_lead_schedules_5_emails" time="1.506" /><testcase classname="tests.test_auth_admin" name="test_admin_dashboard_with_auth" time="0.392" /><testcase classname="tests.test_auth_admin" name="test_admin_leads" time="0.396" /><testcase classname="tests.test_auth_admin" name="test_admin_transactions" time="0.373" /><testcase classname="tests.test_auth_admin" name="test_admin_no_mongo_id_leaked" time="0.380" /><testcase classname="tests.test_drip_v15" name="test_admin_drip_endpoint_requires_auth" time="0.119" /><testcase classname="tests.test_auth_admin" name="test_brute_force_lockout_after_5_attempts" time="0.800" /><testcase classname="tests.test_drip_v15" name="test_admin_drip_returns_queue_and_summary" time="0.391" /><testcase classname="tests.test_auth_admin" name="test_root_still_works" time="0.098" /><testcase classname="tests.test_drip_v15" name="test_fire_next_advances_step_and_marks_sent" time="2.365" /><testcase classname="tests.test_auth_admin" name="test_packages_still_works" time="0.136" /><testcase classname="tests.test_auth_admin" name="test_leads_public_endpoint_still_works" time="0.252" /><testcase classname="tests.test_auth_admin" name="test_checkout_still_works" time="0.457" /><testcase classname="tests.test_auth_admin" name="test_admin_bcrypt_hash_format" time="0.326" /><testcase classname="tests.test_drip_v15" name="test_fire_next_returns_404_when_no_pending" time="0.366" /><testcase classname="tests.test_drip_v15" name="test_run_now_returns_sent_count" time="0.384" /><testcase classname="tests.test_drip_v15" name="test_drip_cancelled_when_lead_becomes_buyer" time="1.835" /><testcase classname="tests.test_drip_v15" name="test_drip_send_at_delays_match_schedule" time="1.304" /></testsuite></testsuites>